2026-02-21 17:15:33 - crawler - INFO - 程序启动
2026-02-21 17:16:16 - crawler - INFO - 爬虫初始化完成
2026-02-21 17:16:16 - crawler - INFO - 节点电价爬虫初始化完成
2026-02-21 17:16:44 - crawler - INFO - 🔍 测试连接和Cookie...
2026-02-21 17:16:45 - crawler - INFO - ✅ 2026-02-21 华北.太钢/500kV.1母线: 获取 96 条数据
2026-02-21 17:16:45 - crawler - INFO - ✅ 连接测试成功！获取到 96 条数据
2026-02-21 17:17:46 - crawler - INFO - 🚀 开始爬取日期范围数据: 2025-12-15 至 2026-01-21
2026-02-21 17:17:46 - crawler - INFO - ======================================================================
2026-02-21 17:17:46 - crawler - INFO - 📅 爬取日期范围: 2025-12-15 至 2026-01-21
2026-02-21 17:17:46 - crawler - INFO - 📍 节点名称: 华北.福瑞/500kV.1母线
2026-02-21 17:17:46 - crawler - INFO - ======================================================================
2026-02-21 17:17:46 - crawler - INFO - 进度: 1/38
2026-02-21 17:17:51 - crawler - INFO - ✅ 2025-12-15 华北.福瑞/500kV.1母线: 获取 96 条数据
2026-02-21 17:17:52 - crawler - INFO - 进度: 2/38
2026-02-21 17:18:02 - crawler - INFO - ✅ 2025-12-16 华北.福瑞/500kV.1母线: 获取 96 条数据
2026-02-21 17:18:03 - crawler - INFO - 进度: 3/38
2026-02-21 17:18:07 - crawler - INFO - ✅ 2025-12-17 华北.福瑞/500kV.1母线: 获取 96 条数据
2026-02-21 17:18:08 - crawler - INFO - 进度: 4/38
2026-02-21 17:18:09 - crawler - INFO - ✅ 2025-12-18 华北.福瑞/500kV.1母线: 获取 96 条数据
2026-02-21 17:18:10 - crawler - INFO - 进度: 5/38
2026-02-21 17:18:11 - crawler - INFO - ✅ 2025-12-19 华北.福瑞/500kV.1母线: 获取 96 条数据
2026-02-21 17:18:12 - crawler - INFO - 进度: 6/38
2026-02-21 17:18:14 - crawler - INFO - ✅ 2025-12-20 华北.福瑞/500kV.1母线: 获取 96 条数据
2026-02-21 17:18:15 - crawler - INFO - 进度: 7/38
2026-02-21 17:18:21 - crawler - INFO - ✅ 2025-12-21 华北.福瑞/500kV.1母线: 获取 96 条数据
2026-02-21 17:18:22 - crawler - INFO - 进度: 8/38
2026-02-21 17:18:27 - crawler - INFO - ✅ 2025-12-22 华北.福瑞/500kV.1母线: 获取 96 条数据
2026-02-21 17:18:28 - crawler - INFO - 进度: 9/38
2026-02-21 17:18:32 - crawler - INFO - ✅ 2025-12-23 华北.福瑞/500kV.1母线: 获取 96 条数据
2026-02-21 17:18:33 - crawler - INFO - 进度: 10/38
2026-02-21 17:18:37 - crawler - INFO - ✅ 2025-12-24 华北.福瑞/500kV.1母线: 获取 96 条数据
2026-02-21 17:18:38 - crawler - INFO - 进度: 11/38
2026-02-21 17:18:41 - crawler - INFO - ✅ 2025-12-25 华北.福瑞/500kV.1母线: 获取 96 条数据
2026-02-21 17:18:42 - crawler - INFO - 进度: 12/38
2026-02-21 17:18:46 - crawler - INFO - ✅ 2025-12-26 华北.福瑞/500kV.1母线: 获取 96 条数据
2026-02-21 17:18:47 - crawler - INFO - 进度: 13/38
2026-02-21 17:18:51 - crawler - INFO - ✅ 2025-12-27 华北.福瑞/500kV.1母线: 获取 96 条数据
2026-02-21 17:18:52 - crawler - INFO - 进度: 14/38
2026-02-21 17:18:55 - crawler - INFO - ✅ 2025-12-28 华北.福瑞/500kV.1母线: 获取 96 条数据
2026-02-21 17:18:56 - crawler - INFO - 进度: 15/38
2026-02-21 17:18:58 - crawler - INFO - ✅ 2025-12-29 华北.福瑞/500kV.1母线: 获取 96 条数据
2026-02-21 17:18:59 - crawler - INFO - 进度: 16/38
2026-02-21 17:19:03 - crawler - INFO - ✅ 2025-12-30 华北.福瑞/500kV.1母线: 获取 96 条数据
2026-02-21 17:19:04 - crawler - INFO - 进度: 17/38
2026-02-21 17:19:08 - crawler - INFO - ✅ 2025-12-31 华北.福瑞/500kV.1母线: 获取 96 条数据
2026-02-21 17:19:09 - crawler - INFO - 进度: 18/38
2026-02-21 17:19:12 - crawler - INFO - ✅ 2026-01-01 华北.福瑞/500kV.1母线: 获取 96 条数据
2026-02-21 17:19:13 - crawler - INFO - 进度: 19/38
2026-02-21 17:19:15 - crawler - WARNING - ⚠️ 请求异常: HTTPSConnectionPool(host='pmos.sx.sgcc.com.cn', port=443): Max retries exceeded with url: /px-sy-retailsettlement-sx/resource/dayNodePrice (Caused by ProxyError('Cannot connect to proxy.', RemoteDisconnected('Remote end closed connection without response')))
2026-02-21 17:19:21 - crawler - INFO - ✅ 2026-01-02 华北.福瑞/500kV.1母线: 获取 96 条数据
2026-02-21 17:19:22 - crawler - INFO - 进度: 20/38
2026-02-21 17:19:28 - crawler - INFO - ✅ 2026-01-03 华北.福瑞/500kV.1母线: 获取 96 条数据
2026-02-21 17:19:29 - crawler - INFO - 进度: 21/38
2026-02-21 17:19:34 - crawler - INFO - ✅ 2026-01-04 华北.福瑞/500kV.1母线: 获取 96 条数据
2026-02-21 17:19:35 - crawler - INFO - 进度: 22/38
2026-02-21 17:19:40 - crawler - INFO - ✅ 2026-01-05 华北.福瑞/500kV.1母线: 获取 96 条数据
2026-02-21 17:19:41 - crawler - INFO - 进度: 23/38
2026-02-21 17:19:44 - crawler - INFO - ✅ 2026-01-06 华北.福瑞/500kV.1母线: 获取 96 条数据
2026-02-21 17:19:45 - crawler - INFO - 进度: 24/38
2026-02-21 17:19:49 - crawler - INFO - ✅ 2026-01-07 华北.福瑞/500kV.1母线: 获取 96 条数据
2026-02-21 17:19:50 - crawler - INFO - 进度: 25/38
2026-02-21 17:19:53 - crawler - INFO - ✅ 2026-01-08 华北.福瑞/500kV.1母线: 获取 96 条数据
2026-02-21 17:19:54 - crawler - INFO - 进度: 26/38
2026-02-21 17:19:58 - crawler - INFO - ✅ 2026-01-09 华北.福瑞/500kV.1母线: 获取 96 条数据
2026-02-21 17:19:59 - crawler - INFO - 进度: 27/38
2026-02-21 17:20:03 - crawler - INFO - ✅ 2026-01-10 华北.福瑞/500kV.1母线: 获取 96 条数据
2026-02-21 17:20:04 - crawler - INFO - 进度: 28/38
2026-02-21 17:20:09 - crawler - INFO - ✅ 2026-01-11 华北.福瑞/500kV.1母线: 获取 96 条数据
2026-02-21 17:20:10 - crawler - INFO - 进度: 29/38
2026-02-21 17:20:16 - crawler - INFO - ✅ 2026-01-12 华北.福瑞/500kV.1母线: 获取 96 条数据
2026-02-21 17:20:17 - crawler - INFO - 进度: 30/38
2026-02-21 17:20:19 - crawler - INFO - ✅ 2026-01-13 华北.福瑞/500kV.1母线: 获取 96 条数据
2026-02-21 17:20:20 - crawler - INFO - 进度: 31/38
2026-02-21 17:20:22 - crawler - INFO - ✅ 2026-01-14 华北.福瑞/500kV.1母线: 获取 96 条数据
2026-02-21 17:20:23 - crawler - INFO - 进度: 32/38
2026-02-21 17:20:24 - crawler - INFO - ✅ 2026-01-15 华北.福瑞/500kV.1母线: 获取 96 条数据
2026-02-21 17:20:25 - crawler - INFO - 进度: 33/38
2026-02-21 17:20:30 - crawler - INFO - ✅ 2026-01-16 华北.福瑞/500kV.1母线: 获取 96 条数据
2026-02-21 17:20:31 - crawler - INFO - 进度: 34/38
2026-02-21 17:20:40 - crawler - INFO - ✅ 2026-01-17 华北.福瑞/500kV.1母线: 获取 96 条数据
2026-02-21 17:20:41 - crawler - INFO - 进度: 35/38
2026-02-21 17:20:44 - crawler - INFO - ✅ 2026-01-18 华北.福瑞/500kV.1母线: 获取 96 条数据
2026-02-21 17:20:45 - crawler - INFO - 进度: 36/38
2026-02-21 17:20:51 - crawler - INFO - ✅ 2026-01-19 华北.福瑞/500kV.1母线: 获取 96 条数据
2026-02-21 17:20:52 - crawler - INFO - 进度: 37/38
2026-02-21 17:20:58 - crawler - INFO - ✅ 2026-01-20 华北.福瑞/500kV.1母线: 获取 96 条数据
2026-02-21 17:20:59 - crawler - INFO - 进度: 38/38
2026-02-21 17:21:04 - crawler - INFO - ✅ 2026-01-21 华北.福瑞/500kV.1母线: 获取 96 条数据
2026-02-21 17:21:04 - crawler - INFO - ======================================================================
2026-02-21 17:21:04 - crawler - INFO - ✅ 爬取完成！共获取 3648 条数据
2026-02-21 17:21:04 - crawler - INFO - ======================================================================
2026-02-21 17:21:04 - crawler - INFO - ✅ 数据已保存到Excel: D:\Develop\CodesFiles\Python\pythonProject\QuantPower\DataManage\山西\shanxi_power_crawler_v3\data\excel\节点电价_华北_福瑞_500kV_1母线_2025-12-15_至_2026-01-21_20260221_172104.xlsx
2026-02-21 17:21:04 - crawler - INFO - 📊 文件大小: 91.29 KB
2026-02-21 17:21:04 - crawler - INFO - 📈 数据行数: 3648
2026-02-21 17:21:04 - crawler - INFO - 📋 数据列数: 6
2026-02-21 17:21:15 - crawler - INFO - 程序退出
2026-02-21 17:23:48 - crawler - INFO - 程序启动
2026-02-21 17:23:59 - crawler - INFO - 爬虫初始化完成
2026-02-21 17:23:59 - crawler - INFO - 节点电价爬虫初始化完成
2026-02-21 17:24:29 - crawler - INFO - 🚀 开始爬取日期范围数据: 2026-02-15 至 2026-02-21
2026-02-21 17:24:29 - crawler - INFO - ======================================================================
2026-02-21 17:24:29 - crawler - INFO - 📅 爬取日期范围: 2026-02-15 至 2026-02-21
2026-02-21 17:24:29 - crawler - INFO - 📍 节点名称: 山西.创陕储能电站/220kV.A母线
2026-02-21 17:24:29 - crawler - INFO - ======================================================================
2026-02-21 17:24:29 - crawler - INFO - 进度: 1/7
2026-02-21 17:24:30 - crawler - INFO - ✅ 2026-02-15 山西.创陕储能电站/220kV.A母线: 获取 96 条数据
2026-02-21 17:24:31 - crawler - INFO - 进度: 2/7
2026-02-21 17:24:31 - crawler - INFO - ✅ 2026-02-16 山西.创陕储能电站/220kV.A母线: 获取 96 条数据
2026-02-21 17:24:32 - crawler - INFO - 进度: 3/7
2026-02-21 17:24:33 - crawler - INFO - ✅ 2026-02-17 山西.创陕储能电站/220kV.A母线: 获取 96 条数据
2026-02-21 17:24:34 - crawler - INFO - 进度: 4/7
2026-02-21 17:24:35 - crawler - INFO - ✅ 2026-02-18 山西.创陕储能电站/220kV.A母线: 获取 96 条数据
2026-02-21 17:24:36 - crawler - INFO - 进度: 5/7
2026-02-21 17:24:36 - crawler - INFO - ✅ 2026-02-19 山西.创陕储能电站/220kV.A母线: 获取 96 条数据
2026-02-21 17:24:37 - crawler - INFO - 进度: 6/7
2026-02-21 17:24:38 - crawler - INFO - ✅ 2026-02-20 山西.创陕储能电站/220kV.A母线: 获取 96 条数据
2026-02-21 17:24:39 - crawler - INFO - 进度: 7/7
2026-02-21 17:24:40 - crawler - INFO - ✅ 2026-02-21 山西.创陕储能电站/220kV.A母线: 获取 96 条数据
2026-02-21 17:24:40 - crawler - INFO - ======================================================================
2026-02-21 17:24:40 - crawler - INFO - ✅ 爬取完成！共获取 672 条数据
2026-02-21 17:24:40 - crawler - INFO - ======================================================================
2026-02-21 17:24:40 - crawler - INFO - ✅ 数据已保存到Excel: D:\Develop\CodesFiles\Python\pythonProject\QuantPower\DataManage\山西\shanxi_power_crawler_v3\data\excel\日前节点电价_山西_创陕储能电站_220kV_A母线_2026-02-15_至_2026-02-21_20260221_172440.xlsx
2026-02-21 17:24:40 - crawler - INFO - 📊 文件大小: 20.01 KB
2026-02-21 17:24:40 - crawler - INFO - 📈 数据行数: 672
2026-02-21 17:24:40 - crawler - INFO - 📋 数据列数: 6
2026-02-21 17:25:27 - crawler - INFO - 🔍 测试连接和Cookie...
2026-02-21 17:25:27 - crawler - INFO - ✅ 2026-02-21 华北.太钢/500kV.1母线: 获取 96 条数据
2026-02-21 17:25:27 - crawler - INFO - ✅ 连接测试成功！获取到 96 条数据
2026-02-21 17:25:31 - crawler - INFO - 程序退出
